<?xml version="1.0" encoding="UTF-8"?>
<testsuite xmlns:xsi="http://www.w3.org/2001/XMLSchema-instance" xsi:noNamespaceSchemaLocation="https://maven.apache.org/surefire/maven-surefire-plugin/xsd/surefire-test-report.xsd" name="com.project.AppTest" time="0.038" tests="1" errors="0" skipped="0" failures="0">
  <properties>
    <property name="sun.desktop" value="windows"/>
    <property name="awt.toolkit" value="sun.awt.windows.WToolkit"/>
    <property name="java.specification.version" value="11"/>
    <property name="sun.cpu.isalist" value="amd64"/>
    <property name="sun.jnu.encoding" value="Cp1252"/>
    <property name="java.class.path" value="c:\Users\ziman\Documents\GitHub\SEProjectGroup10\project\target\test-classes;c:\Users\ziman\Documents\GitHub\SEProjectGroup10\project\target\classes;C:\Users\ziman\.m2\repository\junit\junit\4.11\junit-4.11.jar;C:\Users\ziman\.m2\repository\org\hamcrest\hamcrest-core\1.3\hamcrest-core-1.3.jar;C:\Users\ziman\.m2\repository\org\openjfx\javafx-controls\17\javafx-controls-17.jar;C:\Users\ziman\.m2\repository\org\openjfx\javafx-controls\17\javafx-controls-17-win.jar;C:\Users\ziman\.m2\repository\org\openjfx\javafx-graphics\17\javafx-graphics-17.jar;C:\Users\ziman\.m2\repository\org\openjfx\javafx-graphics\17\javafx-graphics-17-win.jar;C:\Users\ziman\.m2\repository\org\openjfx\javafx-base\17\javafx-base-17.jar;C:\Users\ziman\.m2\repository\org\openjfx\javafx-base\17\javafx-base-17-win.jar;"/>
    <property name="java.vm.vendor" value="Oracle Corporation"/>
    <property name="sun.arch.data.model" value="64"/>
    <property name="user.variant" value=""/>
    <property name="java.vendor.url" value="https://openjdk.java.net/"/>
    <property name="user.timezone" value="America/Chicago"/>
    <property name="java.vm.specification.version" value="11"/>
    <property name="os.name" value="Windows 10"/>
    <property name="sun.java.launcher" value="SUN_STANDARD"/>
    <property name="user.country" value="US"/>
    <property name="sun.boot.library.path" value="C:\Program Files\Java\jdk-11.0.11\bin"/>
    <property name="sun.java.command" value="C:\Users\ziman\AppData\Local\Temp\surefire16349043565574429665\surefirebooter1291232762897188793.jar C:\Users\ziman\AppData\Local\Temp\surefire16349043565574429665 2021-09-22T09-24-59_892-jvmRun1 surefire13073106606429247316tmp surefire_010475719247726022495tmp"/>
    <property name="jdk.debug" value="release"/>
    <property name="surefire.test.class.path" value="c:\Users\ziman\Documents\GitHub\SEProjectGroup10\project\target\test-classes;c:\Users\ziman\Documents\GitHub\SEProjectGroup10\project\target\classes;C:\Users\ziman\.m2\repository\junit\junit\4.11\junit-4.11.jar;C:\Users\ziman\.m2\repository\org\hamcrest\hamcrest-core\1.3\hamcrest-core-1.3.jar;C:\Users\ziman\.m2\repository\org\openjfx\javafx-controls\17\javafx-controls-17.jar;C:\Users\ziman\.m2\repository\org\openjfx\javafx-controls\17\javafx-controls-17-win.jar;C:\Users\ziman\.m2\repository\org\openjfx\javafx-graphics\17\javafx-graphics-17.jar;C:\Users\ziman\.m2\repository\org\openjfx\javafx-graphics\17\javafx-graphics-17-win.jar;C:\Users\ziman\.m2\repository\org\openjfx\javafx-base\17\javafx-base-17.jar;C:\Users\ziman\.m2\repository\org\openjfx\javafx-base\17\javafx-base-17-win.jar;"/>
    <property name="sun.cpu.endian" value="little"/>
    <property name="user.home" value="C:\Users\ziman"/>
    <property name="user.language" value="en"/>
    <property name="java.specification.vendor" value="Oracle Corporation"/>
    <property name="java.version.date" value="2021-04-20"/>
    <property name="java.home" value="C:\Program Files\Java\jdk-11.0.11"/>
    <property name="file.separator" value="\"/>
    <property name="basedir" value="c:\Users\ziman\Documents\GitHub\SEProjectGroup10\project"/>
    <property name="java.vm.compressedOopsMode" value="Zero based"/>
    <property name="line.separator" value="&#10;"/>
    <property name="java.specification.name" value="Java Platform API Specification"/>
    <property name="java.vm.specification.vendor" value="Oracle Corporation"/>
    <property name="java.awt.graphicsenv" value="sun.awt.Win32GraphicsEnvironment"/>
    <property name="surefire.real.class.path" value="C:\Users\ziman\AppData\Local\Temp\surefire16349043565574429665\surefirebooter1291232762897188793.jar"/>
    <property name="user.script" value=""/>
    <property name="sun.management.compiler" value="HotSpot 64-Bit Tiered Compilers"/>
    <property name="java.runtime.version" value="11.0.11+9-LTS-194"/>
    <property name="user.name" value="Jonas"/>
    <property name="path.separator" value=";"/>
    <property name="os.version" value="10.0"/>
    <property name="java.runtime.name" value="Java(TM) SE Runtime Environment"/>
    <property name="file.encoding" value="Cp1252"/>
    <property name="java.vm.name" value="Java HotSpot(TM) 64-Bit Server VM"/>
    <property name="java.vendor.version" value="18.9"/>
    <property name="localRepository" value="C:\Users\ziman\.m2\repository"/>
    <property name="java.vendor.url.bug" value="https://bugreport.java.com/bugreport/"/>
    <property name="java.io.tmpdir" value="C:\Users\ziman\AppData\Local\Temp\"/>
    <property name="java.version" value="11.0.11"/>
    <property name="user.dir" value="c:\Users\ziman\Documents\GitHub\SEProjectGroup10\project"/>
    <property name="os.arch" value="amd64"/>
    <property name="java.vm.specification.name" value="Java Virtual Machine Specification"/>
    <property name="java.awt.printerjob" value="sun.awt.windows.WPrinterJob"/>
    <property name="sun.os.patch.level" value=""/>
    <property name="java.library.path" value="C:\Program Files\Java\jdk-11.0.11\bin;C:\Windows\Sun\Java\bin;C:\Windows\system32;C:\Windows;C:\Program Files\Eclipse Foundation\jdk-11.0.12.7-hotspot\bin;C:\Python39\Scripts\;C:\Python39\;C:\Program Files\Common Files\Oracle\Java\javapath;C:\Program Files (x86)\Common Files\Oracle\Java\javapath;C:\Windows\system32;C:\Windows;C:\Windows\System32\Wbem;C:\Windows\System32\WindowsPowerShell\v1.0\;C:\Windows\System32\OpenSSH\;C:\Program Files (x86)\Universal Extractor;C:\Program Files (x86)\Universal Extractor\bin;C:\Program Files (x86)\NVIDIA Corporation\PhysX\Common;C:\Program Files\dotnet\;C:\Program Files\Git\cmd;C:\Program Files\Microsoft SQL Server\130\Tools\Binn\;C:\ProgramData\chocolatey\bin;;C:\WINDOWS\system32;C:\WINDOWS;C:\WINDOWS\System32\Wbem;C:\WINDOWS\System32\WindowsPowerShell\v1.0\;C:\WINDOWS\System32\OpenSSH\;C:\Program Files\PuTTY\;C:\Program Files\Steel Bank Common Lisp\2.0.0\;C:\Program Files\MySQL\MySQL Utilities 1.6\;C:\Program Files\Amazon\AWSSAMCLI\bin\;C:\Program Files\Amazon\AWSCLIV2\;C:\Program Files\nodejs\;C:\Program Files\NVIDIA Corporation\NVIDIA NvDLISR;C:\Users\ziman\scoop\shims;C:\Program Files\Java\jdk-15\bin;C:\Users\ziman\AppData\Local\Microsoft\WindowsApps;C:\Users\ziman\.improbable\spatial;C:\Users\ziman\AppData\Local\Programs\Python\Python36;C:\Users\ziman\AppData\Local\Programs\Python\Python36\scripts;C:\Users\ziman\AppData\Local\Programs\Microsoft VS Code\bin;C:\Users\ziman\.dotnet\tools;C:\Users\ziman\AppData\Local\Microsoft\WindowsApps;C:\Users\ziman\AppData\Local\Programs\MiKTeX\miktex\bin\x64\;C:\Users\ziman\AppData\Roaming\npm;C:\Users\ziman\AppData\Local\GitHubDesktop\bin;."/>
    <property name="java.vendor" value="Oracle Corporation"/>
    <property name="java.vm.info" value="mixed mode"/>
    <property name="java.vm.version" value="11.0.11+9-LTS-194"/>
    <property name="sun.io.unicode.encoding" value="UnicodeLittle"/>
    <property name="java.class.version" value="55.0"/>
  </properties>
  <testcase name="shouldAnswerWithTrue" classname="com.project.AppTest" time="0.002"/>
</testsuite>